[    8338ms] [INFO] %cDownload the React DevTools for a better development experience: https://react.dev/link/react-devtools font-weight:bold @ http://localhost:3000/_next/static/chunks/node_modules_next_dist_115brz8._.js:2477
[    8521ms] [ERROR] Failed to load resource: net::ERR_CONNECTION_REFUSED @ http://localhost:3000/_next/static/chunks/%5Bturbopack%5D_browser_dev_hmr-client_hmr-client_ts_0yjw1oe._.js:0
[    8523ms] [ERROR] Failed to load resource: net::ERR_CONNECTION_REFUSED @ http://localhost:3000/_next/static/chunks/%5Bturbopack%5D_browser_dev_hmr-client_hmr-client_ts_10mygs7._.js:0
[    8545ms] [ERROR] WebSocket connection to 'ws://localhost:3000/_next/webpack-hmr?id=kQadr3d6x9cORUSKoFA7u' failed: Error in connection establishment: net::ERR_CONNECTION_REFUSED @ http://localhost:3000/_next/static/chunks/node_modules_next_dist_client_0fhqo1d._.js:13322
[    8574ms] ChunkLoadError: Failed to load chunk /_next/static/chunks/%5Bturbopack%5D_browser_dev_hmr-client_hmr-client_ts_0yjw1oe._.js from module [turbopack]/browser/dev/hmr-client/hmr-client.ts [app-client] (ecmascript, async loader)
    at http://localhost:3000/_next/static/chunks/turbopack-_0p44nws._.js:698:25
    at async Promise.all (index 0)
[    8654ms] [ERROR] Failed to load resource: net::ERR_CONNECTION_REFUSED @ http://localhost:3000/icon.svg:0
[    8669ms] [ERROR] Failed to load resource: net::ERR_CONNECTION_REFUSED @ http://localhost:3000/icon.svg:0
[    8671ms] [ERROR] Failed to load resource: net::ERR_CONNECTION_REFUSED @ http://localhost:3000/icon.svg:0
[    8675ms] [WARNING] Error while trying to use the following icon from the Manifest: http://localhost:3000/icon.svg (Download error or resource isn't a valid image) @ http://localhost:3000/:0
[    9566ms] [ERROR] WebSocket connection to 'ws://localhost:3000/_next/webpack-hmr?id=kQadr3d6x9cORUSKoFA7u' failed: Error in connection establishment: net::ERR_CONNECTION_REFUSED @ http://localhost:3000/_next/static/chunks/node_modules_next_dist_client_0fhqo1d._.js:13322
[   10578ms] [ERROR] WebSocket connection to 'ws://localhost:3000/_next/webpack-hmr?id=kQadr3d6x9cORUSKoFA7u' failed: Error in connection establishment: net::ERR_CONNECTION_REFUSED @ http://localhost:3000/_next/static/chunks/node_modules_next_dist_client_0fhqo1d._.js:13322
[   11585ms] [ERROR] WebSocket connection to 'ws://localhost:3000/_next/webpack-hmr?id=kQadr3d6x9cORUSKoFA7u' failed: Error in connection establishment: net::ERR_CONNECTION_REFUSED @ http://localhost:3000/_next/static/chunks/node_modules_next_dist_client_0fhqo1d._.js:13322
[   12591ms] [ERROR] WebSocket connection to 'ws://localhost:3000/_next/webpack-hmr?id=kQadr3d6x9cORUSKoFA7u' failed: Error in connection establishment: net::ERR_CONNECTION_REFUSED @ http://localhost:3000/_next/static/chunks/node_modules_next_dist_client_0fhqo1d._.js:13322
[   13598ms] [ERROR] WebSocket connection to 'ws://localhost:3000/_next/webpack-hmr?id=kQadr3d6x9cORUSKoFA7u' failed: Error in connection establishment: net::ERR_CONNECTION_REFUSED @ http://localhost:3000/_next/static/chunks/node_modules_next_dist_client_0fhqo1d._.js:13322
[   18607ms] [ERROR] WebSocket connection to 'ws://localhost:3000/_next/webpack-hmr?id=kQadr3d6x9cORUSKoFA7u' failed: Error in connection establishment: net::ERR_CONNECTION_REFUSED @ http://localhost:3000/_next/static/chunks/node_modules_next_dist_client_0fhqo1d._.js:13322
[   23614ms] [ERROR] WebSocket connection to 'ws://localhost:3000/_next/webpack-hmr?id=kQadr3d6x9cORUSKoFA7u' failed: Error in connection establishment: net::ERR_CONNECTION_REFUSED @ http://localhost:3000/_next/static/chunks/node_modules_next_dist_client_0fhqo1d._.js:13322
[   28623ms] [ERROR] WebSocket connection to 'ws://localhost:3000/_next/webpack-hmr?id=kQadr3d6x9cORUSKoFA7u' failed: Error in connection establishment: net::ERR_CONNECTION_REFUSED @ http://localhost:3000/_next/static/chunks/node_modules_next_dist_client_0fhqo1d._.js:13322
[   33631ms] [ERROR] WebSocket connection to 'ws://localhost:3000/_next/webpack-hmr?id=kQadr3d6x9cORUSKoFA7u' failed: Error in connection establishment: net::ERR_CONNECTION_REFUSED @ http://localhost:3000/_next/static/chunks/node_modules_next_dist_client_0fhqo1d._.js:13322
